\BOOKMARK [0][-]{dummy.1}{\376\377\000C\000o\000n\000t\000e\000n\000t\000s}{}% 1
\BOOKMARK [0][-]{dummy.3}{\376\377\000L\000i\000s\000t\000\040\000o\000f\000\040\000T\000a\000b\000l\000e\000s}{}% 2
\BOOKMARK [0][-]{chapter.5}{\376\377\0001\000\040\000A\000l\000g\000o\000r\000i\000t\000m\000i\000\040\000d\000i\000\040\000c\000i\000f\000r\000a\000t\000u\000r\000a}{}% 3
\BOOKMARK [1][-]{section.6}{\376\377\0001\000.\0001\000\040\000A\000l\000g\000o\000r\000i\000t\000m\000i\000\040\000s\000i\000m\000m\000e\000t\000r\000i\000c\000i}{chapter.5}% 4
\BOOKMARK [1][-]{section.8}{\376\377\0001\000.\0002\000\040\000A\000l\000g\000o\000r\000i\000t\000m\000i\000\040\000a\000s\000i\000m\000m\000e\000t\000r\000i\000c\000i}{chapter.5}% 5
\BOOKMARK [0][-]{chapter.9}{\376\377\0002\000\040\000D\000a\000t\000a\000\040\000E\000n\000c\000r\000y\000p\000t\000i\000o\000n\000\040\000S\000t\000a\000n\000d\000a\000r\000d}{}% 6
\BOOKMARK [1][-]{section.10}{\376\377\0002\000.\0001\000\040\000B\000r\000e\000v\000i\000\040\000c\000e\000n\000n\000i\000\040\000s\000t\000o\000r\000i\000c\000i}{chapter.9}% 7
\BOOKMARK [1][-]{section.11}{\376\377\0002\000.\0002\000\040\000L\000'\000a\000l\000g\000o\000r\000i\000t\000m\000o}{chapter.9}% 8
\BOOKMARK [2][-]{section*.12}{\376\377\000L\000a\000\040\000c\000h\000i\000a\000v\000e}{section.11}% 9
\BOOKMARK [3][-]{section*.18}{\376\377\000L\000'\000a\000l\000g\000o\000r\000i\000t\000m\000o\000\040\000d\000i\000\040\000c\000i\000f\000r\000a\000t\000u\000r\000a}{section*.12}% 10
\BOOKMARK [4][-]{section*.23}{\376\377\000L\000'\000a\000g\000o\000r\000i\000t\000m\000o\000\040\000d\000i\000\040\000d\000e\000c\000i\000f\000r\000a\000t\000u\000r\000a}{section*.18}% 11
\BOOKMARK [4][-]{section*.24}{\376\377\000L\000a\000\040\000f\000u\000n\000z\000i\000o\000n\000e\000\040\000f\000\050\000R\000,\000\040\000K\000i\000\051}{section*.18}% 12
\BOOKMARK [4][-]{section*.28}{\376\377\000G\000l\000i\000\040\000S\000-\000b\000o\000x}{section*.18}% 13
\BOOKMARK [1][-]{section.37}{\376\377\0002\000.\0003\000\040\000M\000o\000d\000a\000l\000i\000t\000\340\000\040\000o\000p\000e\000r\000a\000t\000i\000v\000e\000\040\000d\000e\000l\000\040\000D\000E\000S}{chapter.9}% 14
\BOOKMARK [2][-]{section*.38}{\376\377\000E\000l\000e\000c\000t\000r\000o\000n\000i\000c\000\040\000C\000o\000d\000e\000B\000o\000o\000k}{section.37}% 15
\BOOKMARK [3][-]{section*.39}{\376\377\000C\000i\000p\000h\000e\000r\000\040\000B\000l\000o\000c\000k\000\040\000C\000h\000a\000i\000n\000i\000n\000g}{section*.38}% 16
\BOOKMARK [4][-]{section*.40}{\376\377\000C\000h\000i\000p\000h\000e\000r\000\040\000F\000e\000e\000d\000B\000a\000c\000k}{section*.39}% 17
\BOOKMARK [4][-]{section*.41}{\376\377\000O\000u\000t\000p\000u\000t\000\040\000F\000e\000e\000d\000B\000a\000c\000k}{section*.39}% 18
\BOOKMARK [4][-]{section*.42}{\376\377\000C\000o\000u\000n\000t\000e\000r}{section*.39}% 19
\BOOKMARK [1][-]{section.43}{\376\377\0002\000.\0004\000\040\000A\000t\000t\000a\000c\000c\000h\000i\000\040\000a\000l\000l\000'\000a\000l\000g\000o\000r\000i\000t\000m\000o}{chapter.9}% 20
\BOOKMARK [2][-]{subsection.44}{\376\377\0002\000.\0004\000.\0001\000\040\000T\000i\000p\000o\000l\000o\000g\000i\000a\000\040\000d\000i\000\040\000a\000t\000t\000a\000c\000c\000h\000i\000\040\000a\000l\000\040\000s\000i\000s\000t\000e\000m\000a}{section.43}% 21
\BOOKMARK [2][-]{subsection.46}{\376\377\0002\000.\0004\000.\0002\000\040\000C\000r\000i\000t\000t\000a\000n\000a\000l\000i\000s\000i\000\040\000D\000i\000f\000f\000e\000r\000e\000n\000z\000i\000a\000l\000e}{section.43}% 22
\BOOKMARK [3][-]{section*.47}{\376\377\000E\000s\000e\000m\000p\000i\000o\000\040\000d\000e\000l\000l\000'\000a\000n\000a\000l\000i\000s\000i\000\040\000d\000i\000f\000f\000e\000r\000e\000n\000z\000i\000a\000l\000e}{subsection.46}% 23
